{
  "stats": {
    "suites": 0,
    "tests": 1,
    "passes": 1,
    "pending": 0,
    "failures": 0,
    "start": "2022-05-03T20:05:11.193Z",
    "end": "2022-05-03T20:05:31.183Z",
    "duration": 19990,
    "testsRegistered": 1,
    "passPercent": 100,
    "pendingPercent": 0,
    "other": 0,
    "hasOther": false,
    "skipped": 0,
    "hasSkipped": false
  },
  "results": [
    {
      "uuid": "e4a19145-22da-4652-9439-07d476c99764",
      "title": "",
      "fullFile": "cypress/integration/assertions.js",
      "file": "cypress/integration/assertions.js",
      "beforeHooks": [],
      "afterHooks": [],
      "tests": [
        {
          "title": "learning assertions",
          "fullTitle": "learning assertions",
          "timedOut": null,
          "duration": 7908,
          "state": "passed",
          "speed": "medium",
          "pass": true,
          "fail": false,
          "pending": false,
          "context": null,
          "code": "cy.visit('https://example.cypress.io');\ncy.contains('get').click();\ncy.get('#query-btn').should('contain', 'Button').and('have.class', 'query-btn').and('be.visible').and('be.enabled');\ncy.get('#query-btn').invoke('attr', 'id').should('equal', 'query-btn');\nexpect(true).to.be.true;\nassert.equal(4, 4, 'Not equal');\nassert.strictEqual(4, 4, 'Not strictly equal');",
          "err": {},
          "uuid": "43006b3b-173f-4eef-b1c5-0bdfd02fca8a",
          "parentUUID": "e4a19145-22da-4652-9439-07d476c99764",
          "isHook": false,
          "skipped": false
        }
      ],
      "suites": [],
      "passes": [
        "43006b3b-173f-4eef-b1c5-0bdfd02fca8a"
      ],
      "failures": [],
      "pending": [],
      "skipped": [],
      "duration": 7908,
      "root": true,
      "rootEmpty": false,
      "_timeout": 2000
    }
  ],
  "meta": {
    "mocha": {
      "version": "7.0.1"
    },
    "mochawesome": {
      "options": {
        "quiet": false,
        "reportFilename": "mochawesome",
        "saveHtml": false,
        "saveJson": true,
        "consoleReporter": "spec",
        "useInlineDiffs": false,
        "code": true
      },
      "version": "7.1.3"
    },
    "marge": {
      "options": {
        "charts": true,
        "overwrite": false,
        "html": false,
        "json": true,
        "reportDir": "cypress/report/mochawesome-report"
      },
      "version": "6.2.0"
    }
  }
}